#
# A fatal error has been detected by the Java Runtime Environment:
#
#  SIGSEGV (0xb) at pc=0x00007f2df80d0375, pid=27543, tid=2908
#
# JRE version: Java(TM) SE Runtime Environment (15.0.1+9) (build 15.0.1+9-18)
# Java VM: Java HotSpot(TM) 64-Bit Server VM (15.0.1+9-18, mixed mode, sharing, tiered, compressed oops, g1 gc, linux-amd64)
# Problematic frame:
# C  [libjimage.so+0x4375]  ImageStrings::find(Endian*, char const*, int*, unsigned int)+0x65
#
# No core dump will be written. Core dumps have been disabled. To enable core dumping, try "ulimit -c unlimited" before starting Java again
#
# If you would like to submit a bug report, please visit:
#   https://bugreport.java.com/bugreport/crash.jsp
#

---------------  S U M M A R Y ------------

Command Line: -javaagent:/home/aki/.local/share/JetBrains/Toolbox/apps/IDEA-C/ch-0/203.6682.168/lib/idea_rt.jar=43020:/home/aki/.local/share/JetBrains/Toolbox/apps/IDEA-C/ch-0/203.6682.168/bin -Dfile.encoding=UTF-8 srb.akikrasic.apxu.glavna.GlavnaKt

Host: Intel(R) Core(TM) i5-3230M CPU @ 2.60GHz, 4 cores, 5G, Slackware 14.2 x86_64 (post 14.2 -current)
Time: Wed Jan 13 23:23:36 2021 CET elapsed time: 11342.011436 seconds (0d 3h 9m 2s)

---------------  T H R E A D  ---------------

Current thread (0x00007f2d5c002a40):  JavaThread "XToolkt-Shutdown-Thread" [_thread_in_vm, id=2908, stack(0x00007f2d637f6000,0x00007f2d638f7000)]

Stack: [0x00007f2d637f6000,0x00007f2d638f7000],  sp=0x00007f2d638f35f0,  free space=1013k
Native frames: (J=compiled Java code, A=aot compiled Java code, j=interpreted, Vv=VM code, C=native code)
C  [libjimage.so+0x4375]  ImageStrings::find(Endian*, char const*, int*, unsigned int)+0x65
C  [libjimage.so+0x4f0e]  ImageFileReader::find_location_index(char const*, unsigned long long*) const+0x3e
C  [libjimage.so+0x540c]  JIMAGE_FindResource+0xfc
V  [libjvm.so+0x4e9f51]  ClassPathImageEntry::open_stream_for_loader(char const*, ClassLoaderData*, Thread*)+0x51
V  [libjvm.so+0x4ee47e]  ClassLoader::load_class(Symbol*, bool, Thread*)+0x13e
V  [libjvm.so+0xca77ef]  SystemDictionary::load_instance_class(Symbol*, Handle, Thread*)+0x34f
V  [libjvm.so+0xca66c2]  SystemDictionary::resolve_instance_class_or_null(Symbol*, Handle, Handle, Thread*)+0x9e2
V  [libjvm.so+0xca6c1a]  SystemDictionary::resolve_super_or_fail(Symbol*, Symbol*, Handle, Handle, bool, Thread*)+0x26a
V  [libjvm.so+0x4dc21c]  ClassFileParser::parse_interfaces(ClassFileStream const*, int, ConstantPool*, bool*, Thread*) [clone .part.0]+0x23c
V  [libjvm.so+0x4e640c]  ClassFileParser::parse_stream(ClassFileStream const*, Thread*) [clone .part.0]+0xaec
V  [libjvm.so+0x4e75ae]  ClassFileParser::ClassFileParser(ClassFileStream*, Symbol*, ClassLoaderData*, ClassLoadInfo const*, ClassFileParser::Publicity, Thread*)+0x35e
V  [libjvm.so+0x99a1d3]  KlassFactory::create_from_stream(ClassFileStream*, Symbol*, ClassLoaderData*, ClassLoadInfo const&, Thread*)+0x103
V  [libjvm.so+0x4ee4de]  ClassLoader::load_class(Symbol*, bool, Thread*)+0x19e
V  [libjvm.so+0xca77ef]  SystemDictionary::load_instance_class(Symbol*, Handle, Thread*)+0x34f
V  [libjvm.so+0xca66c2]  SystemDictionary::resolve_instance_class_or_null(Symbol*, Handle, Handle, Thread*)+0x9e2
V  [libjvm.so+0xca88fe]  SystemDictionary::resolve_or_fail(Symbol*, Handle, Handle, bool, Thread*)+0x5e
V  [libjvm.so+0x558648]  ConstantPool::klass_ref_at(int, Thread*)+0x158
V  [libjvm.so+0x9c7b86]  LinkInfo::LinkInfo(constantPoolHandle const&, int, Thread*)+0x36
V  [libjvm.so+0x9ce511]  LinkResolver::resolve_invoke(CallInfo&, Handle, constantPoolHandle const&, int, Bytecodes::Code, Thread*)+0x61
V  [libjvm.so+0x76ed38]  InterpreterRuntime::resolve_invoke(JavaThread*, Bytecodes::Code)+0x168
V  [libjvm.so+0x76f317]  InterpreterRuntime::resolve_from_cache(JavaThread*, Bytecodes::Code)+0x37
j  sun.awt.X11.XToolkit.lambda$init$1()V+0 java.desktop@15.0.1
j  sun.awt.X11.XToolkit$$Lambda$26+0x0000000800b780a8.run()V+4 java.desktop@15.0.1
j  java.lang.Thread.run()V+11 java.base@15.0.1
v  ~StubRoutines::call_stub
V  [libjvm.so+0x773a29]  JavaCalls::call_helper(JavaValue*, methodHandle const&, JavaCallArguments*, Thread*)+0x299
V  [libjvm.so+0x77530b]  JavaCalls::call_virtual(JavaValue*, Handle, Klass*, Symbol*, Symbol*, Thread*)+0x1cb
V  [libjvm.so+0x82fb4d]  thread_entry(JavaThread*, Thread*)+0x6d
V  [libjvm.so+0xcf23de]  JavaThread::thread_main_inner()+0xde
V  [libjvm.so+0xcf724d]  Thread::call_run()+0xfd
V  [libjvm.so+0xb4a397]  thread_native_entry(Thread*)+0xe7

Java frames: (J=compiled Java code, j=interpreted, Vv=VM code)
j  sun.awt.X11.XToolkit.lambda$init$1()V+0 java.desktop@15.0.1
j  sun.awt.X11.XToolkit$$Lambda$26+0x0000000800b780a8.run()V+4 java.desktop@15.0.1
j  java.lang.Thread.run()V+11 java.base@15.0.1
v  ~StubRoutines::call_stub

siginfo: si_signo: 11 (SIGSEGV), si_code: 1 (SEGV_MAPERR), si_addr: 0x00007f2de7d14c1c

Register to memory mapping:

RAX=0x0000000000000b00 is an unknown value
RBX=0x00007f2d638f36a1 is pointing into the stack for thread: 0x00007f2d5c002a40
RCX=0x00007f2d638f36c5 is pointing into the stack for thread: 0x00007f2d5c002a40
RDX=0x0000000000000b00 is an unknown value
RSP=0x00007f2d638f35f0 is pointing into the stack for thread: 0x00007f2d5c002a40
RBP=0x00007f2d638f3610 is pointing into the stack for thread: 0x00007f2d5c002a40
RSI=0x0 is NULL
RDI=0x00007f2df80ea050: <offset 0x000000000001e050> in /opt/jdk/lib/libjimage.so at 0x00007f2df80cc000
R8 =0x00007f2de7d1201c is an unknown value
R9 =0x00007f2d5c003ba0 points into unknown readable memory: 0x0000000000000005 | 05 00 00 00 00 00 00 00
R10=0x00007f2df78b77e1: <offset 0x0000000000dee7e1> in /opt/jdk/lib/server/libjvm.so at 0x00007f2df6ac9000
R11=0x00007f2df7e0d2b0: <offset 0x00000000001a12b0> in /lib64/libc.so.6 at 0x00007f2df7c6c000
R12=0x0000000000007dfb is an unknown value
R13=0x00007f2d638f36a0 is pointing into the stack for thread: 0x00007f2d5c002a40
R14=0x0 is NULL
R15=0x00007f2d638f36a0 is pointing into the stack for thread: 0x00007f2d5c002a40


Registers:
RAX=0x0000000000000b00, RBX=0x00007f2d638f36a1, RCX=0x00007f2d638f36c5, RDX=0x0000000000000b00
RSP=0x00007f2d638f35f0, RBP=0x00007f2d638f3610, RSI=0x0000000000000000, RDI=0x00007f2df80ea050
R8 =0x00007f2de7d1201c, R9 =0x00007f2d5c003ba0, R10=0x00007f2df78b77e1, R11=0x00007f2df7e0d2b0
R12=0x0000000000007dfb, R13=0x00007f2d638f36a0, R14=0x0000000000000000, R15=0x00007f2d638f36a0
RIP=0x00007f2df80d0375, EFLAGS=0x0000000000010246, CSGSFS=0x0000000000000033, ERR=0x0000000000000004
  TRAPNO=0x000000000000000e

Top of Stack: (sp=0x00007f2d638f35f0)
0x00007f2d638f35f0:   0000000000000000 00007f2d638f4738
0x00007f2d638f3600:   00007f2df0037070 00007f2d638f36a0
0x00007f2d638f3610:   00007f2d638f3680 00007f2df80d0f0e
0x00007f2d638f3620:   0000000000000000 0000000000000000 

Instructions: (pc=0x00007f2df80d0375)
0x00007f2df80d0275:   5d 98 e8 64 ee ff ff 4c 8b 5d 98 4d 01 df 4d 85
0x00007f2df80d0285:   f6 74 08 4c 89 f7 e8 30 16 00 00 44 03 65 90 e9
0x00007f2df80d0295:   3f fe ff ff 0f 1f 80 00 00 00 00 41 8b 10 41 89
0x00007f2df80d02a5:   55 00 41 8b 54 00 fc 41 89 54 05 fc e9 8a fc ff
0x00007f2df80d02b5:   ff 66 2e 0f 1f 84 00 00 00 00 00 ba 0a 00 00 00
0x00007f2df80d02c5:   e9 f8 fc ff ff 41 0f b7 54 00 fe 66 41 89 54 05
0x00007f2df80d02d5:   fe e9 65 fc ff ff 0f 1f 44 00 00 0f b6 17 89 f0
0x00007f2df80d02e5:   89 f1 4c 8d 47 01 84 d2 74 18 90 69 c9 93 01 00
0x00007f2df80d02f5:   01 49 83 c0 01 31 d1 41 0f b6 50 ff 84 d2 75 eb
0x00007f2df80d0305:   89 c8 25 ff ff ff 7f c3 90 66 90 48 85 d2 0f 84
0x00007f2df80d0315:   e1 00 00 00 55 48 89 e5 41 55 41 54 41 89 cc 53
0x00007f2df80d0325:   48 83 ec 08 85 c9 0f 84 c1 00 00 00 49 89 f5 48
0x00007f2df80d0335:   8d 5e 01 0f b6 36 49 89 d0 40 84 f6 0f 84 a1 00
0x00007f2df80d0345:   00 00 48 89 d9 b8 93 01 00 01 90 69 d0 93 01 00
0x00007f2df80d0355:   01 48 83 c1 01 40 0f b6 c6 0f b6 71 ff 31 d0 40
0x00007f2df80d0365:   84 f6 75 e7 25 ff ff ff 7f 31 d2 41 f7 f4 89 d0
0x00007f2df80d0375:   41 8b 34 80 48 8b 07 ff 50 20 85 c0 7f 1d 74 6d
0x00007f2df80d0385:   f7 d0 41 89 c0 48 83 c4 08 44 89 c0 5b 41 5c 41
0x00007f2df80d0395:   5d 5d c3 0f 1f 84 00 00 00 00 00 41 0f b6 4d 00
0x00007f2df80d03a5:   89 c6 84 c9 74 1b 0f 1f 44 00 00 69 f6 93 01 00
0x00007f2df80d03b5:   01 48 83 c3 01 31 ce 0f b6 4b ff 84 c9 75 ec 89
0x00007f2df80d03c5:   f0 25 ff ff ff 7f 31 d2 48 83 c4 08 41 f7 f4 5b
0x00007f2df80d03d5:   41 5c 41 5d 5d 41 89 d0 44 89 c0 c3 0f 1f 80 00
0x00007f2df80d03e5:   00 00 00 b8 93 01 00 01 e9 7c ff ff ff 41 b8 ff
0x00007f2df80d03f5:   ff ff ff eb 90 41 83 c8 ff 44 89 c0 c3 66 66 2e
0x00007f2df80d0405:   0f 1f 84 00 00 00 00 00 0f 1f 00 eb 19 66 0f 1f
0x00007f2df80d0415:   44 00 00 0f b6 16 84 d2 74 13 38 c2 75 1d 48 83
0x00007f2df80d0425:   c7 01 48 83 c6 01 0f b6 07 84 c0 75 e6 48 89 f8
0x00007f2df80d0435:   c3 66 2e 0f 1f 84 00 00 00 00 00 31 c0 c3 90 66
0x00007f2df80d0445:   66 2e 0f 1f 84 00 00 00 00 00 90 48 85 f6 74 55
0x00007f2df80d0455:   0f b6 06 84 c0 74 4e 0f 1f 40 00 0f b6 d0 83 e0
0x00007f2df80d0465:   07 c1 fa 03 44 8d 50 01 0f b6 c0 41 89 d1 4c 8d 


Stack slot to memory mapping:
stack at sp + 0 slots: 0x0 is NULL
stack at sp + 1 slots: 0x00007f2d638f4738 is pointing into the stack for thread: 0x00007f2d5c002a40
stack at sp + 2 slots: 0x00007f2df0037070 points into unknown readable memory: 0x00007f2d74008c40 | 40 8c 00 74 2d 7f 00 00
stack at sp + 3 slots: 0x00007f2d638f36a0 is pointing into the stack for thread: 0x00007f2d5c002a40
stack at sp + 4 slots: 0x00007f2d638f3680 is pointing into the stack for thread: 0x00007f2d5c002a40
stack at sp + 5 slots: 0x00007f2df80d0f0e: <offset 0x0000000000004f0e> in /opt/jdk/lib/libjimage.so at 0x00007f2df80cc000
stack at sp + 6 slots: 0x0 is NULL
stack at sp + 7 slots: 0x0 is NULL


---------------  P R O C E S S  ---------------

Threads class SMR info:
_java_thread_list=0x00007f2d70000be0, length=20, elements={
0x00007f2df0130ed0, 0x00007f2df0132610, 0x00007f2df015e2d0, 0x00007f2df015f9e0,
0x00007f2df0161600, 0x00007f2df0162e30, 0x00007f2df0164530, 0x00007f2df01711d0,
0x00007f2df0221360, 0x00007f2df0222df0, 0x00007f2df03442d0, 0x00007f2df0346260,
0x00007f2df034a730, 0x00007f2df034ba30, 0x00007f2df002ae00, 0x00007f2d6c847610,
0x00007f2db40024c0, 0x00007f2db4003030, 0x00007f2d5c002a40, 0x00007f2db40043d0
}

Java Threads: ( => current thread )
  0x00007f2df0130ed0 JavaThread "Reference Handler" daemon [_thread_blocked, id=27554, stack(0x00007f2dd4451000,0x00007f2dd4552000)]
  0x00007f2df0132610 JavaThread "Finalizer" daemon [_thread_blocked, id=27555, stack(0x00007f2dd4350000,0x00007f2dd4451000)]
  0x00007f2df015e2d0 JavaThread "Signal Dispatcher" daemon [_thread_blocked, id=27556, stack(0x00007f2dd41fc000,0x00007f2dd42fd000)]
  0x00007f2df015f9e0 JavaThread "Service Thread" daemon [_thread_blocked, id=27557, stack(0x00007f2dd40fb000,0x00007f2dd41fc000)]
  0x00007f2df0161600 JavaThread "C2 CompilerThread0" daemon [_thread_blocked, id=27558, stack(0x00007f2dafeff000,0x00007f2db0000000)]
  0x00007f2df0162e30 JavaThread "C1 CompilerThread0" daemon [_thread_blocked, id=27559, stack(0x00007f2dafdfe000,0x00007f2dafeff000)]
  0x00007f2df0164530 JavaThread "Sweeper thread" daemon [_thread_blocked, id=27560, stack(0x00007f2dafcfd000,0x00007f2dafdfe000)]
  0x00007f2df01711d0 JavaThread "Common-Cleaner" daemon [_thread_blocked, id=27561, stack(0x00007f2dafbfc000,0x00007f2dafcfd000)]
  0x00007f2df0221360 JavaThread "Monitor Ctrl-Break" daemon [_thread_in_native, id=27562, stack(0x00007f2dafafb000,0x00007f2dafbfc000)]
  0x00007f2df0222df0 JavaThread "Notification Thread" daemon [_thread_blocked, id=27563, stack(0x00007f2daf9fa000,0x00007f2dafafb000)]
  0x00007f2df03442d0 JavaThread "Java2D Disposer" daemon [_thread_blocked, id=27568, stack(0x00007f2dacd25000,0x00007f2dace26000)]
  0x00007f2df0346260 JavaThread "AWT-XAWT" daemon [_thread_in_native, id=27569, stack(0x00007f2dacc24000,0x00007f2dacd25000)]
  0x00007f2df034a730 JavaThread "AWT-Shutdown" [_thread_blocked, id=27570, stack(0x00007f2dacb23000,0x00007f2dacc24000)]
  0x00007f2df034ba30 JavaThread "AWT-EventQueue-0" [_thread_blocked, id=27571, stack(0x00007f2daca22000,0x00007f2dacb23000)]
  0x00007f2df002ae00 JavaThread "DestroyJavaVM" [_thread_blocked, id=27545, stack(0x00007f2df687b000,0x00007f2df697c000)]
  0x00007f2d6c847610 JavaThread "TimerQueue" daemon [_thread_blocked, id=27573, stack(0x00007f2dac804000,0x00007f2dac905000)]
  0x00007f2db40024c0 JavaThread "SIGHUP handler" daemon [_thread_blocked, id=2903, stack(0x00007f2dac05f000,0x00007f2dac160000)]
  0x00007f2db4003030 JavaThread "SIGTERM handler" daemon [_thread_blocked, id=2904, stack(0x00007f2d638f7000,0x00007f2d639f8000)]
=>0x00007f2d5c002a40 JavaThread "XToolkt-Shutdown-Thread" [_thread_in_vm, id=2908, stack(0x00007f2d637f6000,0x00007f2d638f7000)]
  0x00007f2db40043d0 JavaThread "SIGHUP handler" daemon [_thread_blocked, id=2932, stack(0x00007f2d636f5000,0x00007f2d637f6000)]

Other Threads:
  0x00007f2df012e180 VMThread "VM Thread" [stack: 0x00007f2dd4554000,0x00007f2dd4654000] [id=27553]
  0x00007f2df0224eb0 WatcherThread [stack: 0x00007f2daf8fa000,0x00007f2daf9fa000] [id=27564]
  0x00007f2df005fda0 GCTaskThread "GC Thread#0" [stack: 0x00007f2df418d000,0x00007f2df428d000] [id=27548]
  0x00007f2db8000d40 GCTaskThread "GC Thread#1" [stack: 0x00007f2d63d00000,0x00007f2d63e00000] [id=27644]
  0x00007f2db8001a50 GCTaskThread "GC Thread#2" [stack: 0x00007f2d63bfe000,0x00007f2d63cfe000] [id=27645]
  0x00007f2db8002a40 GCTaskThread "GC Thread#3" [stack: 0x00007f2d63afc000,0x00007f2d63bfc000] [id=27646]
  0x00007f2df006cdc0 ConcurrentGCThread "G1 Main Marker" [stack: 0x00007f2df408b000,0x00007f2df418b000] [id=27549]
  0x00007f2df006e050 ConcurrentGCThread "G1 Conc#0" [stack: 0x00007f2dd753a000,0x00007f2dd763a000] [id=27550]
  0x00007f2df00be1e0 ConcurrentGCThread "G1 Refine#0" [stack: 0x00007f2dd5034000,0x00007f2dd5134000] [id=27551]
  0x00007f2dc0000d20 ConcurrentGCThread "G1 Refine#1" [stack: 0x00007f2d639fa000,0x00007f2d63afa000] [id=27647]
  0x00007f2df00bf3f0 ConcurrentGCThread "G1 Young RemSet Sampling" [stack: 0x00007f2dd4f32000,0x00007f2dd5032000] [id=27552]

Threads with active compile tasks:

VM state: not at safepoint (normal execution)

VM Mutex/Monitor currently owned by a thread: None

Heap address: 0x00000000a4a00000, size: 1462 MB, Compressed Oops mode: 32-bit
CDS archive(s) mapped at: [0x0000000800000000-0x0000000800b35000-0x0000000800b35000), size 11751424, SharedBaseAddress: 0x0000000800000000, ArchiveRelocationMode: 0.
Compressed class space mapped at: 0x0000000800b38000-0x0000000840b38000, size: 1073741824
Narrow klass base: 0x0000000800000000, Narrow klass shift: 3, Narrow klass range: 0x100000000

GC Precious Log:
 CPUs: 4 total, 4 available
 Memory: 5842M
 Large Page Support: Disabled
 NUMA Support: Disabled
 Compressed Oops: Enabled (32-bit)
 Heap Region Size: 1M
 Heap Min Capacity: 8M
 Heap Initial Capacity: 92M
 Heap Max Capacity: 1462M
 Pre-touch: Disabled
 Parallel Workers: 4
 Concurrent Workers: 1
 Concurrent Refinement Workers: 4
 Periodic GC: Disabled

Heap:
 garbage-first heap   total 96256K, used 9850K [0x00000000a4a00000, 0x0000000100000000)
  region size 1024K, 10 young (10240K), 2 survivors (2048K)
 Metaspace       used 14972K, capacity 15199K, committed 15488K, reserved 1062912K
  class space    used 1455K, capacity 1537K, committed 1664K, reserved 1048576K

Heap Regions: E=young(eden), S=young(survivor), O=old, HS=humongous(starts), HC=humongous(continues), CS=collection set, F=free, OA=open archive, CA=closed archive, TAMS=top-at-mark-start (previous, next)
|   0|0x00000000a4a00000, 0x00000000a4ad0800, 0x00000000a4b00000| 81%| O|  |TAMS 0x00000000a4a00000, 0x00000000a4a00000| Untracked 
|   1|0x00000000a4b00000, 0x00000000a4b00000, 0x00000000a4c00000|  0%| F|  |TAMS 0x00000000a4b00000, 0x00000000a4b00000| Untracked 
|   2|0x00000000a4c00000, 0x00000000a4c00000, 0x00000000a4d00000|  0%| F|  |TAMS 0x00000000a4c00000, 0x00000000a4c00000| Untracked 
|   3|0x00000000a4d00000, 0x00000000a4d00000, 0x00000000a4e00000|  0%| F|  |TAMS 0x00000000a4d00000, 0x00000000a4d00000| Untracked 
|   4|0x00000000a4e00000, 0x00000000a4e00000, 0x00000000a4f00000|  0%| F|  |TAMS 0x00000000a4e00000, 0x00000000a4e00000| Untracked 
|   5|0x00000000a4f00000, 0x00000000a4f00000, 0x00000000a5000000|  0%| F|  |TAMS 0x00000000a4f00000, 0x00000000a4f00000| Untracked 
|   6|0x00000000a5000000, 0x00000000a5000000, 0x00000000a5100000|  0%| F|  |TAMS 0x00000000a5000000, 0x00000000a5000000| Untracked 
|   7|0x00000000a5100000, 0x00000000a5100000, 0x00000000a5200000|  0%| F|  |TAMS 0x00000000a5100000, 0x00000000a5100000| Untracked 
|   8|0x00000000a5200000, 0x00000000a5200000, 0x00000000a5300000|  0%| F|  |TAMS 0x00000000a5200000, 0x00000000a5200000| Untracked 
|   9|0x00000000a5300000, 0x00000000a5300000, 0x00000000a5400000|  0%| F|  |TAMS 0x00000000a5300000, 0x00000000a5300000| Untracked 
|  10|0x00000000a5400000, 0x00000000a5400000, 0x00000000a5500000|  0%| F|  |TAMS 0x00000000a5400000, 0x00000000a5400000| Untracked 
|  11|0x00000000a5500000, 0x00000000a5500000, 0x00000000a5600000|  0%| F|  |TAMS 0x00000000a5500000, 0x00000000a5500000| Untracked 
|  12|0x00000000a5600000, 0x00000000a5600000, 0x00000000a5700000|  0%| F|  |TAMS 0x00000000a5600000, 0x00000000a5600000| Untracked 
|  13|0x00000000a5700000, 0x00000000a5700000, 0x00000000a5800000|  0%| F|  |TAMS 0x00000000a5700000, 0x00000000a5700000| Untracked 
|  14|0x00000000a5800000, 0x00000000a5800000, 0x00000000a5900000|  0%| F|  |TAMS 0x00000000a5800000, 0x00000000a5800000| Untracked 
|  15|0x00000000a5900000, 0x00000000a5900000, 0x00000000a5a00000|  0%| F|  |TAMS 0x00000000a5900000, 0x00000000a5900000| Untracked 
