#
# A fatal error has been detected by the Java Runtime Environment:
#
#  SIGSEGV (0xb) at pc=0x00007f1958350231, pid=15178, tid=17841
#
# JRE version: Java(TM) SE Runtime Environment (14.0+36) (build 14+36-1461)
# Java VM: Java HotSpot(TM) 64-Bit Server VM (14+36-1461, mixed mode, sharing, tiered, compressed oops, g1 gc, linux-amd64)
# Problematic frame:
# C  [libjimage.so+0x4231]  ImageStrings::find(Endian*, char const*, int*, unsigned int)+0x71
#
# No core dump will be written. Core dumps have been disabled. To enable core dumping, try "ulimit -c unlimited" before starting Java again
#
# If you would like to submit a bug report, please visit:
#   https://bugreport.java.com/bugreport/crash.jsp
#

---------------  S U M M A R Y ------------

Command Line: -javaagent:/home/aki/.local/share/JetBrains/Toolbox/apps/IDEA-C/ch-0/202.7319.50/lib/idea_rt.jar=42912:/home/aki/.local/share/JetBrains/Toolbox/apps/IDEA-C/ch-0/202.7319.50/bin -Dfile.encoding=UTF-8 srb.akikrasic.apxu.glavna.GlavnaKt

Host: Intel(R) Core(TM) i5-3230M CPU @ 2.60GHz, 4 cores, 5G, Slackware 14.2 x86_64 (post 14.2 -current)
Time: Sun Oct  4 23:15:39 2020 CEST elapsed time: 5127 seconds (0d 1h 25m 27s)

---------------  T H R E A D  ---------------

Current thread (0x00007f18b8001000):  JavaThread "XToolkt-Shutdown-Thread" [_thread_in_vm, id=17841, stack(0x00007f194feff000,0x00007f1950000000)]

Stack: [0x00007f194feff000,0x00007f1950000000],  sp=0x00007f194fffd050,  free space=1016k
Native frames: (J=compiled Java code, A=aot compiled Java code, j=interpreted, Vv=VM code, C=native code)
C  [libjimage.so+0x4231]  ImageStrings::find(Endian*, char const*, int*, unsigned int)+0x71
C  [libjimage.so+0x4d7a]  ImageFileReader::find_location_index(char const*, unsigned long long*) const+0x3a
C  [libjimage.so+0x5271]  JIMAGE_FindResource+0xf1
V  [libjvm.so+0x50f4c3]