#
# A fatal error has been detected by the Java Runtime Environment:
#
#  SIGSEGV (0xb) at pc=0x00007f492921c231, pid=16309, tid=16323
#
# JRE version: Java(TM) SE Runtime Environment (13.0.1+9) (build 13.0.1+9)
# Java VM: Java HotSpot(TM) 64-Bit Server VM (13.0.1+9, mixed mode, sharing, tiered, compressed oops, g1 gc, linux-amd64)
# Problematic frame:
# C  [libjimage.so+0x4231]  ImageStrings::find(Endian*, char const*, int*, unsigned int)+0x71
#
# No core dump will be written. Core dumps have been disabled. To enable core dumping, try "ulimit -c unlimited" before starting Java again
#
# If you would like to submit a bug report, please visit:
#   http://bugreport.java.com/bugreport/crash.jsp
#

---------------  S U M M A R Y ------------

Command Line: -javaagent:/home/aki/.local/share/JetBrains/Toolbox/apps/IDEA-C/ch-0/201.7223.91/lib/idea_rt.jar=38581:/home/aki/.local/share/JetBrains/Toolbox/apps/IDEA-C/ch-0/201.7223.91/bin -Dfile.encoding=UTF-8 srb.akikrasic.glavna.GlavnaKt

Host: Intel(R) Core(TM) i5-3230M CPU @ 2.60GHz, 4 cores, 5G, Slackware 14.2 x86_64 (post 14.2 -current)
Time: Thu May 28 23:05:26 2020 CEST elapsed time: 103 seconds (0d 0h 1m 43s)

---------------  T H R E A D  ---------------

Current thread (0x00007f4924170000):  JavaThread "Signal Dispatcher" daemon [_thread_in_vm, id=16323, stack(0x00007f4908942000,0x00007f4908a43000)]

Stack: [0x00007f4908942000,0x00007f4908a43000],  sp=0x00007f4908a40160,  free space=1016k
Native frames: (J=compiled Java code, A=aot compiled Java code, j=interpreted, Vv=VM code, C=native code)
C  [libjimage.so+0x4231]  ImageStrings::find(Endian*, char const*, int*, unsigned int)+0x71
C  [libjimage.so+0x4d7a]  ImageFileReader::find_location_index(char const*, unsigned long long*) const+0x3a
C  [libjimage.so+0x5291]  JIMAGE_FindResource+0xf1
V  [libjvm.so+0x58f143]  ClassPathImageEntry::open_stream_for_loader(char const*, ClassLoaderData*, Thread*)+0x53
V  [libjvm.so+0x590fed]  ClassLoader::load_class(Symbol*, bool, Thread*)+0x13d
V  [libjvm.so+0xd22da1]  SystemDictionary::load_instance_class(Symbol*, Handle, Thread*)+0x491
V  [libjvm.so+0xd21a7a]  SystemDictionary::resolve_instance_class_or_null(Symbol*, Handle, Handle, Thread*)+0x9aa
V  [libjvm.so+0xd23c40]  SystemDictionary::resolve_or_fail(Symbol*, Handle, Handle, bool, Thread*)+0x50
V  [libjvm.so+0x632fe0]  ConstantPool::klass_at_impl(constantPoolHandle const&, int, bool, Thread*)+0xd0
V  [libjvm.so+0x82b58a]  InterpreterRuntime::_new(JavaThread*, ConstantPool*, int)+0x6a
j  jdk.internal.misc.Signal.dispatch(I)V+25 java.base@13.0.1
